<?xml version="1.0" encoding="UTF-8"?>
<!-- Generated by org.testng.reporters.JUnitXMLReporter -->
<testsuite ignored="37" hostname="SahilBhayana" failures="1" tests="1" name="Default test" time="0.087" errors="0" timestamp="2022-10-02T00:46:19 PDT">
  <testcase classname="com.salesforce.test.tests.SalesforceAutomation" name="LoginToSalesForce" time="0.007">
    <failure type="java.lang.NullPointerException" message="Cannot invoke &amp;quot;org.openqa.selenium.WebDriver.manage()&amp;quot; because &amp;quot;com.salesforce.test.tests.BaseTest.driver&amp;quot; is null">
      <![CDATA[java.lang.NullPointerException: Cannot invoke "org.openqa.selenium.WebDriver.manage()" because "com.salesforce.test.tests.BaseTest.driver" is null
at com.salesforce.test.tests.BaseTest.logintoSalesForce(BaseTest.java:198)
at com.salesforce.test.tests.SalesforceAutomation.LoginToSalesForce(SalesforceAutomation.java:36)
at java.base/jdk.internal.reflect.DirectMethodHandleAccessor.invoke(DirectMethodHandleAccessor.java:104)
at java.base/java.lang.reflect.Method.invoke(Method.java:577)
at org.testng.internal.invokers.MethodInvocationHelper.invokeMethod(MethodInvocationHelper.java:139)
at org.testng.internal.invokers.TestInvoker.invokeMethod(TestInvoker.java:677)
at org.testng.internal.invokers.TestInvoker.invokeTestMethod(TestInvoker.java:221)
at org.testng.internal.invokers.MethodRunner.runInSequence(MethodRunner.java:50)
at org.testng.internal.invokers.TestInvoker$MethodInvocationAgent.invoke(TestInvoker.java:962)
at org.testng.internal.invokers.TestInvoker.invokeTestMethods(TestInvoker.java:194)
at org.testng.internal.invokers.TestMethodWorker.invokeTestMethods(TestMethodWorker.java:148)
at org.testng.internal.invokers.TestMethodWorker.run(TestMethodWorker.java:128)
at java.base/java.util.ArrayList.forEach(ArrayList.java:1511)
at org.testng.TestRunner.privateRun(TestRunner.java:806)
at org.testng.TestRunner.run(TestRunner.java:601)
at org.testng.SuiteRunner.runTest(SuiteRunner.java:433)
at org.testng.SuiteRunner.runSequentially(SuiteRunner.java:427)
at org.testng.SuiteRunner.privateRun(SuiteRunner.java:387)
at org.testng.SuiteRunner.run(SuiteRunner.java:330)
at org.testng.SuiteRunnerWorker.runSuite(SuiteRunnerWorker.java:52)
at org.testng.SuiteRunnerWorker.run(SuiteRunnerWorker.java:95)
at org.testng.TestNG.runSuitesSequentially(TestNG.java:1256)
at org.testng.TestNG.runSuitesLocally(TestNG.java:1176)
at org.testng.TestNG.runSuites(TestNG.java:1099)
at org.testng.TestNG.run(TestNG.java:1067)
at org.testng.remote.AbstractRemoteTestNG.run(AbstractRemoteTestNG.java:115)
at org.testng.remote.RemoteTestNG.initAndRun(RemoteTestNG.java:251)
at org.testng.remote.RemoteTestNG.main(RemoteTestNG.java:77)
]]>
    </failure>
  </testcase> <!-- LoginToSalesForce -->
  <testcase classname="com.salesforce.test.tests.SalesforceAutomation" name="TC11Creatnewview" time="0.0">
    <ignored/>
  </testcase> <!-- TC11Creatnewview -->
  <testcase classname="com.salesforce.test.tests.SalesforceAutomation" name="TC32" time="0.0">
    <ignored/>
  </testcase> <!-- TC32 -->
  <testcase classname="com.salesforce.test.tests.SalesforceAutomation" name="TC22defaultview" time="0.0">
    <ignored/>
  </testcase> <!-- TC22defaultview -->
  <testcase classname="com.salesforce.test.tests.SalesforceAutomation" name="TC06" time="0.0">
    <ignored/>
  </testcase> <!-- TC06 -->
  <testcase classname="com.salesforce.test.tests.SalesforceAutomation" name="TC28" time="0.0">
    <ignored/>
  </testcase> <!-- TC28 -->
  <testcase classname="com.salesforce.test.tests.SalesforceAutomation" name="TC21leadsselectvalue" time="0.0">
    <ignored/>
  </testcase> <!-- TC21leadsselectvalue -->
  <testcase classname="com.salesforce.test.tests.SalesforceAutomation" name="TC16" time="0.0">
    <ignored/>
  </testcase> <!-- TC16 -->
  <testcase classname="com.salesforce.test.tests.SalesforceAutomation" name="TC20LeadTab" time="0.0">
    <ignored/>
  </testcase> <!-- TC20LeadTab -->
  <testcase classname="com.salesforce.test.tests.SalesforceAutomation" name="TC24" time="0.0">
    <ignored/>
  </testcase> <!-- TC24 -->
  <testcase classname="com.salesforce.test.tests.SalesforceAutomation" name="LoginErrorMessage" time="0.0">
    <ignored/>
  </testcase> <!-- LoginErrorMessage -->
  <testcase classname="com.salesforce.test.tests.SalesforceAutomation" name="TC34" time="0.0">
    <ignored/>
  </testcase> <!-- TC34 -->
  <testcase classname="com.salesforce.test.tests.SalesforceAutomation" name="TC08" time="0.0">
    <ignored/>
  </testcase> <!-- TC08 -->
  <testcase classname="com.salesforce.test.tests.SalesforceAutomation" name="TC18" time="0.0">
    <ignored/>
  </testcase> <!-- TC18 -->
  <testcase classname="com.salesforce.test.tests.SalesforceAutomation" name="TC30" time="0.0">
    <ignored/>
  </testcase> <!-- TC30 -->
  <testcase classname="com.salesforce.test.tests.SalesforceAutomation" name="TC26" time="0.0">
    <ignored/>
  </testcase> <!-- TC26 -->
  <testcase classname="com.salesforce.test.tests.SalesforceAutomation" name="TC14" time="0.0">
    <ignored/>
  </testcase> <!-- TC14 -->
  <testcase classname="com.salesforce.test.tests.SalesforceAutomation" name="TC36" time="0.0">
    <ignored/>
  </testcase> <!-- TC36 -->
  <testcase classname="com.salesforce.test.tests.SalesforceAutomation" name="TC33" time="0.0">
    <ignored/>
  </testcase> <!-- TC33 -->
  <testcase classname="com.salesforce.test.tests.SalesforceAutomation" name="TC13MergeAccounts" time="0.0">
    <ignored/>
  </testcase> <!-- TC13MergeAccounts -->
  <testcase classname="com.salesforce.test.tests.SalesforceAutomation" name="CheckRememberMe" time="0.0">
    <ignored/>
  </testcase> <!-- CheckRememberMe -->
  <testcase classname="com.salesforce.test.tests.SalesforceAutomation" name="TC10CreateAccount" time="0.0">
    <ignored/>
  </testcase> <!-- TC10CreateAccount -->
  <testcase classname="com.salesforce.test.tests.SalesforceAutomation" name="Chrome4A" time="0.0">
    <ignored/>
  </testcase> <!-- Chrome4A -->
  <testcase classname="com.salesforce.test.tests.SalesforceAutomation" name="TC09" time="0.0">
    <ignored/>
  </testcase> <!-- TC09 -->
  <testcase classname="com.salesforce.test.tests.SalesforceAutomation" name="TC17" time="0.0">
    <ignored/>
  </testcase> <!-- TC17 -->
  <testcase classname="com.salesforce.test.tests.SalesforceAutomation" name="TC05" time="0.0">
    <ignored/>
  </testcase> <!-- TC05 -->
  <testcase classname="com.salesforce.test.tests.SalesforceAutomation" name="TC27" time="0.0">
    <ignored/>
  </testcase> <!-- TC27 -->
  <testcase classname="com.salesforce.test.tests.SalesforceAutomation" name="TC35" time="0.0">
    <ignored/>
  </testcase> <!-- TC35 -->
  <testcase classname="com.salesforce.test.tests.SalesforceAutomation" name="TC23" time="0.0">
    <ignored/>
  </testcase> <!-- TC23 -->
  <testcase classname="com.salesforce.test.tests.SalesforceAutomation" name="TC19" time="0.0">
    <ignored/>
  </testcase> <!-- TC19 -->
  <testcase classname="com.salesforce.test.tests.SalesforceAutomation" name="TC07" time="0.0">
    <ignored/>
  </testcase> <!-- TC07 -->
  <testcase classname="com.salesforce.test.tests.SalesforceAutomation" name="TC29" time="0.0">
    <ignored/>
  </testcase> <!-- TC29 -->
  <testcase classname="com.salesforce.test.tests.SalesforceAutomation" name="TC31" time="0.0">
    <ignored/>
  </testcase> <!-- TC31 -->
  <testcase classname="com.salesforce.test.tests.SalesforceAutomation" name="ValidateLoginErrorMessage" time="0.0">
    <ignored/>
  </testcase> <!-- ValidateLoginErrorMessage -->
  <testcase classname="com.salesforce.test.tests.SalesforceAutomation" name="TC12Editview" time="0.0">
    <ignored/>
  </testcase> <!-- TC12Editview -->
  <testcase classname="com.salesforce.test.tests.SalesforceAutomation" name="TC15" time="0.0">
    <ignored/>
  </testcase> <!-- TC15 -->
  <testcase classname="com.salesforce.test.tests.SalesforceAutomation" name="TC37" time="0.0">
    <ignored/>
  </testcase> <!-- TC37 -->
  <testcase classname="com.salesforce.test.tests.SalesforceAutomation" name="TC25" time="0.0">
    <ignored/>
  </testcase> <!-- TC25 -->
</testsuite> <!-- Default test -->
